2023-04-27 05:33:21 [main] INFO  c.h.e.EmployeeManagementSystemApplication - Starting EmployeeManagementSystemApplication using Java 17.0.6 on LAPTOP-FL0D70PT with PID 17816 (C:\Users\RITESH Raushan\Documents\workspace-spring-tool-suite-4-4.17.2.RELEASE\EmployeeManagementSystem\bin\main started by RITESH Raushan in C:\Users\RITESH Raushan\Documents\workspace-spring-tool-suite-4-4.17.2.RELEASE\EmployeeManagementSystem)
2023-04-27 05:33:21 [main] INFO  c.h.e.EmployeeManagementSystemApplication - No active profile set, falling back to 1 default profile: "default"
2023-04-27 05:33:22 [main] INFO  o.s.d.r.c.RepositoryConfigurationDelegate - Bootstrapping Spring Data JPA repositories in DEFAULT mode.
2023-04-27 05:33:22 [main] INFO  o.s.d.r.c.RepositoryConfigurationDelegate - Finished Spring Data repository scanning in 77 ms. Found 1 JPA repository interfaces.
2023-04-27 05:33:23 [main] INFO  o.s.b.w.e.tomcat.TomcatWebServer - Tomcat initialized with port(s): 8086 (https)
2023-04-27 05:33:23 [main] INFO  o.a.coyote.http11.Http11NioProtocol - Initializing ProtocolHandler ["https-jsse-nio-8086"]
2023-04-27 05:33:23 [main] INFO  o.a.catalina.core.StandardService - Starting service [Tomcat]
2023-04-27 05:33:23 [main] INFO  o.a.catalina.core.StandardEngine - Starting Servlet engine: [Apache Tomcat/9.0.74]
2023-04-27 05:33:23 [main] INFO  o.a.c.c.C.[Tomcat].[localhost].[/] - Initializing Spring embedded WebApplicationContext
2023-04-27 05:33:23 [main] INFO  o.s.b.w.s.c.ServletWebServerApplicationContext - Root WebApplicationContext: initialization completed in 2087 ms
2023-04-27 05:33:23 [main] INFO  o.h.jpa.internal.util.LogHelper - HHH000204: Processing PersistenceUnitInfo [name: default]
2023-04-27 05:33:23 [main] INFO  org.hibernate.Version - HHH000412: Hibernate ORM core version 5.6.15.Final
2023-04-27 05:33:24 [main] INFO  o.h.annotations.common.Version - HCANN000001: Hibernate Commons Annotations {5.1.2.Final}
2023-04-27 05:33:24 [main] INFO  com.zaxxer.hikari.HikariDataSource - HikariPool-1 - Starting...
2023-04-27 05:33:24 [main] INFO  com.zaxxer.hikari.HikariDataSource - HikariPool-1 - Start completed.
2023-04-27 05:33:25 [main] INFO  org.hibernate.dialect.Dialect - HHH000400: Using dialect: org.hibernate.dialect.MySQL8Dialect
2023-04-27 05:33:26 [main] INFO  o.h.e.t.j.p.i.JtaPlatformInitiator - HHH000490: Using JtaPlatform implementation: [org.hibernate.engine.transaction.jta.platform.internal.NoJtaPlatform]
2023-04-27 05:33:26 [main] INFO  o.s.o.j.LocalContainerEntityManagerFactoryBean - Initialized JPA EntityManagerFactory for persistence unit 'default'
2023-04-27 05:33:26 [main] WARN  o.s.b.a.o.j.JpaBaseConfiguration$JpaWebConfiguration - spring.jpa.open-in-view is enabled by default. Therefore, database queries may be performed during view rendering. Explicitly configure spring.jpa.open-in-view to disable this warning
2023-04-27 05:33:27 [main] INFO  o.a.coyote.http11.Http11NioProtocol - Starting ProtocolHandler ["https-jsse-nio-8086"]
2023-04-27 05:33:27 [main] INFO  o.a.t.u.net.NioEndpoint.certificate - Connector [https-jsse-nio-8086], TLS virtual host [_default_], certificate type [UNDEFINED] configured from [file:/C:/Users/RITESH%20Raushan/Documents/workspace-spring-tool-suite-4-4.17.2.RELEASE/EmployeeManagementSystem/src/main/resources/https-employee.jks] using alias [https-employee] and with trust store [null]
2023-04-27 05:33:27 [main] INFO  o.s.b.w.e.tomcat.TomcatWebServer - Tomcat started on port(s): 8086 (https) with context path ''
2023-04-27 05:33:27 [main] INFO  c.h.e.EmployeeManagementSystemApplication - Started EmployeeManagementSystemApplication in 6.803 seconds (JVM running for 8.237)
2023-04-27 05:34:14 [main] INFO  o.s.b.t.c.SpringBootTestContextBootstrapper - Neither @ContextConfiguration nor @ContextHierarchy found for test class [com.hdfc.ems.service.EmployeeServiceTest], using SpringBootContextLoader
2023-04-27 05:34:14 [main] INFO  o.s.t.c.s.AbstractContextLoader - Could not detect default resource locations for test class [com.hdfc.ems.service.EmployeeServiceTest]: no resource found for suffixes {-context.xml, Context.groovy}.
2023-04-27 05:34:14 [main] INFO  o.s.t.c.s.AnnotationConfigContextLoaderUtils - Could not detect default configuration classes for test class [com.hdfc.ems.service.EmployeeServiceTest]: EmployeeServiceTest does not declare any static, non-private, non-final, nested classes annotated with @Configuration.
2023-04-27 05:34:14 [main] INFO  o.s.b.t.c.SpringBootTestContextBootstrapper - Found @SpringBootConfiguration com.hdfc.ems.EmployeeManagementSystemApplication for test class com.hdfc.ems.service.EmployeeServiceTest
2023-04-27 05:34:14 [main] INFO  o.s.b.t.c.SpringBootTestContextBootstrapper - Loaded default TestExecutionListener class names from location [META-INF/spring.factories]: [org.springframework.boot.test.autoconfigure.restdocs.RestDocsTestExecutionListener, org.springframework.boot.test.autoconfigure.web.client.MockRestServiceServerResetTestExecutionListener, org.springframework.boot.test.autoconfigure.web.servlet.MockMvcPrintOnlyOnFailureTestExecutionListener, org.springframework.boot.test.autoconfigure.web.servlet.WebDriverTestExecutionListener, org.springframework.boot.test.autoconfigure.webservices.client.MockWebServiceServerTestExecutionListener, org.springframework.boot.test.mock.mockito.MockitoTestExecutionListener, org.springframework.boot.test.mock.mockito.ResetMocksTestExecutionListener, org.springframework.test.context.web.ServletTestExecutionListener, org.springframework.test.context.support.DirtiesContextBeforeModesTestExecutionListener, org.springframework.test.context.event.ApplicationEventsTestExecutionListener, org.springframework.test.context.support.DependencyInjectionTestExecutionListener, org.springframework.test.context.support.DirtiesContextTestExecutionListener, org.springframework.test.context.transaction.TransactionalTestExecutionListener, org.springframework.test.context.jdbc.SqlScriptsTestExecutionListener, org.springframework.test.context.event.EventPublishingTestExecutionListener]
2023-04-27 05:34:14 [main] INFO  o.s.b.t.c.SpringBootTestContextBootstrapper - Using TestExecutionListeners: [org.springframework.test.context.web.ServletTestExecutionListener@1d7f7be7, org.springframework.test.context.support.DirtiesContextBeforeModesTestExecutionListener@42f3156d, org.springframework.test.context.event.ApplicationEventsTestExecutionListener@1ddae9b5, org.springframework.boot.test.mock.mockito.MockitoTestExecutionListener@427b5f92, org.springframework.boot.test.autoconfigure.SpringBootDependencyInjectionTestExecutionListener@24bdb479, org.springframework.test.context.support.DirtiesContextTestExecutionListener@7e3f95fe, org.springframework.test.context.transaction.TransactionalTestExecutionListener@34625ccd, org.springframework.test.context.jdbc.SqlScriptsTestExecutionListener@2c7d121c, org.springframework.test.context.event.EventPublishingTestExecutionListener@65aa6596, org.springframework.boot.test.autoconfigure.restdocs.RestDocsTestExecutionListener@67389cb8, org.springframework.boot.test.autoconfigure.web.client.MockRestServiceServerResetTestExecutionListener@419a20a6, org.springframework.boot.test.autoconfigure.web.servlet.MockMvcPrintOnlyOnFailureTestExecutionListener@533377b, org.springframework.boot.test.autoconfigure.web.servlet.WebDriverTestExecutionListener@3383649e, org.springframework.boot.test.autoconfigure.webservices.client.MockWebServiceServerTestExecutionListener@10fde30a, org.springframework.boot.test.mock.mockito.ResetMocksTestExecutionListener@f27ea3]
2023-04-27 05:34:15 [main] INFO  c.h.ems.service.EmployeeServiceTest - Starting EmployeeServiceTest using Java 17.0.6 on LAPTOP-FL0D70PT with PID 14816 (started by RITESH Raushan in C:\Users\RITESH Raushan\Documents\workspace-spring-tool-suite-4-4.17.2.RELEASE\EmployeeManagementSystem)
2023-04-27 05:34:15 [main] INFO  c.h.ems.service.EmployeeServiceTest - No active profile set, falling back to 1 default profile: "default"
2023-04-27 05:34:16 [main] INFO  o.s.d.r.c.RepositoryConfigurationDelegate - Bootstrapping Spring Data JPA repositories in DEFAULT mode.
2023-04-27 05:34:16 [main] INFO  o.s.d.r.c.RepositoryConfigurationDelegate - Finished Spring Data repository scanning in 88 ms. Found 1 JPA repository interfaces.
2023-04-27 05:34:17 [main] INFO  o.h.jpa.internal.util.LogHelper - HHH000204: Processing PersistenceUnitInfo [name: default]
2023-04-27 05:34:17 [main] INFO  org.hibernate.Version - HHH000412: Hibernate ORM core version 5.6.15.Final
2023-04-27 05:34:18 [main] INFO  o.h.annotations.common.Version - HCANN000001: Hibernate Commons Annotations {5.1.2.Final}
2023-04-27 05:34:18 [main] INFO  com.zaxxer.hikari.HikariDataSource - HikariPool-1 - Starting...
2023-04-27 05:34:18 [main] INFO  com.zaxxer.hikari.HikariDataSource - HikariPool-1 - Start completed.
2023-04-27 05:34:18 [main] INFO  org.hibernate.dialect.Dialect - HHH000400: Using dialect: org.hibernate.dialect.MySQL8Dialect
2023-04-27 05:34:19 [main] INFO  o.h.e.t.j.p.i.JtaPlatformInitiator - HHH000490: Using JtaPlatform implementation: [org.hibernate.engine.transaction.jta.platform.internal.NoJtaPlatform]
2023-04-27 05:34:19 [main] INFO  o.s.o.j.LocalContainerEntityManagerFactoryBean - Initialized JPA EntityManagerFactory for persistence unit 'default'
2023-04-27 05:34:20 [main] WARN  o.s.b.a.o.j.JpaBaseConfiguration$JpaWebConfiguration - spring.jpa.open-in-view is enabled by default. Therefore, database queries may be performed during view rendering. Explicitly configure spring.jpa.open-in-view to disable this warning
2023-04-27 05:34:21 [main] INFO  c.h.ems.service.EmployeeServiceTest - Started EmployeeServiceTest in 6.589 seconds (JVM running for 9.185)
2023-04-27 05:34:22 [SpringApplicationShutdownHook] INFO  o.s.o.j.LocalContainerEntityManagerFactoryBean - Closing JPA EntityManagerFactory for persistence unit 'default'
2023-04-27 05:34:22 [SpringApplicationShutdownHook] INFO  com.zaxxer.hikari.HikariDataSource - HikariPool-1 - Shutdown initiated...
2023-04-27 05:34:22 [SpringApplicationShutdownHook] INFO  com.zaxxer.hikari.HikariDataSource - HikariPool-1 - Shutdown completed.
2023-04-27 05:35:02 [main] INFO  o.s.b.t.c.SpringBootTestContextBootstrapper - Neither @ContextConfiguration nor @ContextHierarchy found for test class [com.hdfc.ems.EmployeeManagementSystemApplicationTests], using SpringBootContextLoader
2023-04-27 05:35:02 [main] INFO  o.s.t.c.s.AbstractContextLoader - Could not detect default resource locations for test class [com.hdfc.ems.EmployeeManagementSystemApplicationTests]: no resource found for suffixes {-context.xml, Context.groovy}.
2023-04-27 05:35:02 [main] INFO  o.s.t.c.s.AnnotationConfigContextLoaderUtils - Could not detect default configuration classes for test class [com.hdfc.ems.EmployeeManagementSystemApplicationTests]: EmployeeManagementSystemApplicationTests does not declare any static, non-private, non-final, nested classes annotated with @Configuration.
2023-04-27 05:35:03 [main] INFO  o.s.b.t.c.SpringBootTestContextBootstrapper - Found @SpringBootConfiguration com.hdfc.ems.EmployeeManagementSystemApplication for test class com.hdfc.ems.EmployeeManagementSystemApplicationTests
2023-04-27 05:35:03 [main] INFO  o.s.b.t.c.SpringBootTestContextBootstrapper - Loaded default TestExecutionListener class names from location [META-INF/spring.factories]: [org.springframework.boot.test.autoconfigure.restdocs.RestDocsTestExecutionListener, org.springframework.boot.test.autoconfigure.web.client.MockRestServiceServerResetTestExecutionListener, org.springframework.boot.test.autoconfigure.web.servlet.MockMvcPrintOnlyOnFailureTestExecutionListener, org.springframework.boot.test.autoconfigure.web.servlet.WebDriverTestExecutionListener, org.springframework.boot.test.autoconfigure.webservices.client.MockWebServiceServerTestExecutionListener, org.springframework.boot.test.mock.mockito.MockitoTestExecutionListener, org.springframework.boot.test.mock.mockito.ResetMocksTestExecutionListener, org.springframework.test.context.web.ServletTestExecutionListener, org.springframework.test.context.support.DirtiesContextBeforeModesTestExecutionListener, org.springframework.test.context.event.ApplicationEventsTestExecutionListener, org.springframework.test.context.support.DependencyInjectionTestExecutionListener, org.springframework.test.context.support.DirtiesContextTestExecutionListener, org.springframework.test.context.transaction.TransactionalTestExecutionListener, org.springframework.test.context.jdbc.SqlScriptsTestExecutionListener, org.springframework.test.context.event.EventPublishingTestExecutionListener]
2023-04-27 05:35:03 [main] INFO  o.s.b.t.c.SpringBootTestContextBootstrapper - Using TestExecutionListeners: [org.springframework.test.context.web.ServletTestExecutionListener@71ae31b0, org.springframework.test.context.support.DirtiesContextBeforeModesTestExecutionListener@4ba534b0, org.springframework.test.context.event.ApplicationEventsTestExecutionListener@6f0ca692, org.springframework.boot.test.mock.mockito.MockitoTestExecutionListener@2c104774, org.springframework.boot.test.autoconfigure.SpringBootDependencyInjectionTestExecutionListener@2cb3d0f7, org.springframework.test.context.support.DirtiesContextTestExecutionListener@4e517165, org.springframework.test.context.transaction.TransactionalTestExecutionListener@44e3760b, org.springframework.test.context.jdbc.SqlScriptsTestExecutionListener@6a66a204, org.springframework.test.context.event.EventPublishingTestExecutionListener@5860f3d7, org.springframework.boot.test.autoconfigure.restdocs.RestDocsTestExecutionListener@1d7f7be7, org.springframework.boot.test.autoconfigure.web.client.MockRestServiceServerResetTestExecutionListener@42f3156d, org.springframework.boot.test.autoconfigure.web.servlet.MockMvcPrintOnlyOnFailureTestExecutionListener@1ddae9b5, org.springframework.boot.test.autoconfigure.web.servlet.WebDriverTestExecutionListener@427b5f92, org.springframework.boot.test.autoconfigure.webservices.client.MockWebServiceServerTestExecutionListener@24bdb479, org.springframework.boot.test.mock.mockito.ResetMocksTestExecutionListener@7e3f95fe]
2023-04-27 05:35:04 [main] INFO  c.h.e.EmployeeManagementSystemApplicationTests - Starting EmployeeManagementSystemApplicationTests using Java 17.0.6 on LAPTOP-FL0D70PT with PID 12316 (started by RITESH Raushan in C:\Users\RITESH Raushan\Documents\workspace-spring-tool-suite-4-4.17.2.RELEASE\EmployeeManagementSystem)
2023-04-27 05:35:04 [main] INFO  c.h.e.EmployeeManagementSystemApplicationTests - No active profile set, falling back to 1 default profile: "default"
2023-04-27 05:35:05 [main] INFO  o.s.d.r.c.RepositoryConfigurationDelegate - Bootstrapping Spring Data JPA repositories in DEFAULT mode.
2023-04-27 05:35:05 [main] INFO  o.s.d.r.c.RepositoryConfigurationDelegate - Finished Spring Data repository scanning in 106 ms. Found 1 JPA repository interfaces.
2023-04-27 05:35:06 [main] INFO  o.h.jpa.internal.util.LogHelper - HHH000204: Processing PersistenceUnitInfo [name: default]
2023-04-27 05:35:06 [main] INFO  org.hibernate.Version - HHH000412: Hibernate ORM core version 5.6.15.Final
2023-04-27 05:35:06 [main] INFO  o.h.annotations.common.Version - HCANN000001: Hibernate Commons Annotations {5.1.2.Final}
2023-04-27 05:35:07 [main] INFO  com.zaxxer.hikari.HikariDataSource - HikariPool-1 - Starting...
2023-04-27 05:35:07 [main] INFO  com.zaxxer.hikari.HikariDataSource - HikariPool-1 - Start completed.
2023-04-27 05:35:07 [main] INFO  org.hibernate.dialect.Dialect - HHH000400: Using dialect: org.hibernate.dialect.MySQL8Dialect
2023-04-27 05:35:08 [main] INFO  o.h.e.t.j.p.i.JtaPlatformInitiator - HHH000490: Using JtaPlatform implementation: [org.hibernate.engine.transaction.jta.platform.internal.NoJtaPlatform]
2023-04-27 05:35:08 [main] INFO  o.s.o.j.LocalContainerEntityManagerFactoryBean - Initialized JPA EntityManagerFactory for persistence unit 'default'
2023-04-27 05:35:09 [main] WARN  o.s.b.a.o.j.JpaBaseConfiguration$JpaWebConfiguration - spring.jpa.open-in-view is enabled by default. Therefore, database queries may be performed during view rendering. Explicitly configure spring.jpa.open-in-view to disable this warning
2023-04-27 05:35:10 [main] INFO  c.h.e.EmployeeManagementSystemApplicationTests - Started EmployeeManagementSystemApplicationTests in 6.911 seconds (JVM running for 9.159)
2023-04-27 05:35:10 [SpringApplicationShutdownHook] INFO  o.s.o.j.LocalContainerEntityManagerFactoryBean - Closing JPA EntityManagerFactory for persistence unit 'default'
2023-04-27 05:35:10 [SpringApplicationShutdownHook] INFO  com.zaxxer.hikari.HikariDataSource - HikariPool-1 - Shutdown initiated...
2023-04-27 05:35:10 [SpringApplicationShutdownHook] INFO  com.zaxxer.hikari.HikariDataSource - HikariPool-1 - Shutdown completed.
2023-04-27 05:35:53 [https-jsse-nio-8086-exec-6] INFO  o.a.c.c.C.[Tomcat].[localhost].[/] - Initializing Spring DispatcherServlet 'dispatcherServlet'
2023-04-27 05:35:53 [https-jsse-nio-8086-exec-6] INFO  o.s.web.servlet.DispatcherServlet - Initializing Servlet 'dispatcherServlet'
2023-04-27 05:35:53 [https-jsse-nio-8086-exec-6] INFO  o.s.web.servlet.DispatcherServlet - Completed initialization in 1 ms
2023-04-27 05:35:53 [https-jsse-nio-8086-exec-6] INFO  c.h.e.controller.EmployeeController - EmployeeId (106) is called
2023-04-27 09:42:58 [HikariPool-1 housekeeper] WARN  com.zaxxer.hikari.pool.HikariPool - HikariPool-1 - Thread starvation or clock leap detected (housekeeper delta=4h7m6s636ms839µs900ns).
2023-04-27 09:49:07 [https-jsse-nio-8086-exec-5] INFO  c.h.e.controller.EmployeeController - EmployeeId (106) is called
2023-04-27 09:51:30 [https-jsse-nio-8086-exec-10] INFO  c.h.e.controller.EmployeeController - EmployeeId (106) is called
2023-04-27 11:25:44 [https-jsse-nio-8086-exec-7] INFO  c.h.e.controller.EmployeeController - EmployeeId (106) is called
2023-04-27 11:26:15 [https-jsse-nio-8086-exec-1] INFO  c.h.e.controller.EmployeeController - EmployeeId (106) is called
2023-04-27 12:04:16 [https-jsse-nio-8086-exec-4] INFO  c.h.e.controller.EmployeeController - EmployeeId (105) is called
2023-04-27 12:04:57 [https-jsse-nio-8086-exec-9] INFO  c.h.e.controller.EmployeeController - EmployeeId (105) is called
2023-04-27 12:05:18 [https-jsse-nio-8086-exec-10] INFO  c.h.e.controller.EmployeeController - EmployeeId (507) is called
2023-04-27 12:05:19 [https-jsse-nio-8086-exec-10] ERROR o.a.c.c.C.[.[.[.[dispatcherServlet] - Servlet.service() for servlet [dispatcherServlet] in context with path [] threw exception [Request processing failed; nested exception is com.hdfc.ems.Exception.EmployeeNotFoundException: Invalid id] with root cause
com.hdfc.ems.Exception.EmployeeNotFoundException: Invalid id
	at com.hdfc.ems.service.IEmployeeServiceImp.lambda$0(IEmployeeServiceImp.java:24)
	at java.base/java.util.Optional.orElseThrow(Optional.java:403)
	at com.hdfc.ems.service.IEmployeeServiceImp.findEmployeeBYId(IEmployeeServiceImp.java:24)
	at com.hdfc.ems.controller.EmployeeController.findEmployeeById(EmployeeController.java:30)
	at java.base/jdk.internal.reflect.NativeMethodAccessorImpl.invoke0(Native Method)
	at java.base/jdk.internal.reflect.NativeMethodAccessorImpl.invoke(NativeMethodAccessorImpl.java:77)
	at java.base/jdk.internal.reflect.DelegatingMethodAccessorImpl.invoke(DelegatingMethodAccessorImpl.java:43)
	at java.base/java.lang.reflect.Method.invoke(Method.java:568)
	at org.springframework.web.method.support.InvocableHandlerMethod.doInvoke(InvocableHandlerMethod.java:205)
	at org.springframework.web.method.support.InvocableHandlerMethod.invokeForRequest(InvocableHandlerMethod.java:150)
	at org.springframework.web.servlet.mvc.method.annotation.ServletInvocableHandlerMethod.invokeAndHandle(ServletInvocableHandlerMethod.java:117)
	at org.springframework.web.servlet.mvc.method.annotation.RequestMappingHandlerAdapter.invokeHandlerMethod(RequestMappingHandlerAdapter.java:895)
	at org.springframework.web.servlet.mvc.method.annotation.RequestMappingHandlerAdapter.handleInternal(RequestMappingHandlerAdapter.java:808)
	at org.springframework.web.servlet.mvc.method.AbstractHandlerMethodAdapter.handle(AbstractHandlerMethodAdapter.java:87)
	at org.springframework.web.servlet.DispatcherServlet.doDispatch(DispatcherServlet.java:1072)
	at org.springframework.web.servlet.DispatcherServlet.doService(DispatcherServlet.java:965)
	at org.springframework.web.servlet.FrameworkServlet.processRequest(FrameworkServlet.java:1006)
	at org.springframework.web.servlet.FrameworkServlet.doGet(FrameworkServlet.java:898)
	at javax.servlet.http.HttpServlet.service(HttpServlet.java:529)
	at org.springframework.web.servlet.FrameworkServlet.service(FrameworkServlet.java:883)
	at javax.servlet.http.HttpServlet.service(HttpServlet.java:623)
	at org.apache.catalina.core.ApplicationFilterChain.internalDoFilter(ApplicationFilterChain.java:209)
	at org.apache.catalina.core.ApplicationFilterChain.doFilter(ApplicationFilterChain.java:153)
	at org.apache.tomcat.websocket.server.WsFilter.doFilter(WsFilter.java:51)
	at org.apache.catalina.core.ApplicationFilterChain.internalDoFilter(ApplicationFilterChain.java:178)
	at org.apache.catalina.core.ApplicationFilterChain.doFilter(ApplicationFilterChain.java:153)
	at org.springframework.web.filter.RequestContextFilter.doFilterInternal(RequestContextFilter.java:100)
	at org.springframework.web.filter.OncePerRequestFilter.doFilter(OncePerRequestFilter.java:117)
	at org.apache.catalina.core.ApplicationFilterChain.internalDoFilter(ApplicationFilterChain.java:178)
	at org.apache.catalina.core.ApplicationFilterChain.doFilter(ApplicationFilterChain.java:153)
	at org.springframework.web.filter.FormContentFilter.doFilterInternal(FormContentFilter.java:93)
	at org.springframework.web.filter.OncePerRequestFilter.doFilter(OncePerRequestFilter.java:117)
	at org.apache.catalina.core.ApplicationFilterChain.internalDoFilter(ApplicationFilterChain.java:178)
	at org.apache.catalina.core.ApplicationFilterChain.doFilter(ApplicationFilterChain.java:153)
	at org.springframework.web.filter.CharacterEncodingFilter.doFilterInternal(CharacterEncodingFilter.java:201)
	at org.springframework.web.filter.OncePerRequestFilter.doFilter(OncePerRequestFilter.java:117)
	at org.apache.catalina.core.ApplicationFilterChain.internalDoFilter(ApplicationFilterChain.java:178)
	at org.apache.catalina.core.ApplicationFilterChain.doFilter(ApplicationFilterChain.java:153)
	at org.apache.catalina.core.StandardWrapperValve.invoke(StandardWrapperValve.java:167)
	at org.apache.catalina.core.StandardContextValve.invoke(StandardContextValve.java:90)
	at org.apache.catalina.authenticator.AuthenticatorBase.invoke(AuthenticatorBase.java:481)
	at org.apache.catalina.core.StandardHostValve.invoke(StandardHostValve.java:130)
	at org.apache.catalina.valves.ErrorReportValve.invoke(ErrorReportValve.java:93)
	at org.apache.catalina.core.StandardEngineValve.invoke(StandardEngineValve.java:74)
	at org.apache.catalina.connector.CoyoteAdapter.service(CoyoteAdapter.java:343)
	at org.apache.coyote.http11.Http11Processor.service(Http11Processor.java:389)
	at org.apache.coyote.AbstractProcessorLight.process(AbstractProcessorLight.java:63)
	at org.apache.coyote.AbstractProtocol$ConnectionHandler.process(AbstractProtocol.java:926)
	at org.apache.tomcat.util.net.NioEndpoint$SocketProcessor.doRun(NioEndpoint.java:1791)
	at org.apache.tomcat.util.net.SocketProcessorBase.run(SocketProcessorBase.java:52)
	at org.apache.tomcat.util.threads.ThreadPoolExecutor.runWorker(ThreadPoolExecutor.java:1191)
	at org.apache.tomcat.util.threads.ThreadPoolExecutor$Worker.run(ThreadPoolExecutor.java:659)
	at org.apache.tomcat.util.threads.TaskThread$WrappingRunnable.run(TaskThread.java:61)
	at java.base/java.lang.Thread.run(Thread.java:833)
2023-04-27 12:18:39 [https-jsse-nio-8086-exec-10] INFO  c.h.e.controller.EmployeeController - EmployeeId (105) is called
2023-04-27 12:19:14 [https-jsse-nio-8086-exec-3] INFO  c.h.e.controller.EmployeeController - EmployeeId (113) is called
2023-04-27 12:19:14 [https-jsse-nio-8086-exec-3] ERROR o.a.c.c.C.[.[.[.[dispatcherServlet] - Servlet.service() for servlet [dispatcherServlet] in context with path [] threw exception [Request processing failed; nested exception is com.hdfc.ems.Exception.EmployeeNotFoundException: Invalid id] with root cause
com.hdfc.ems.Exception.EmployeeNotFoundException: Invalid id
	at com.hdfc.ems.service.IEmployeeServiceImp.lambda$0(IEmployeeServiceImp.java:24)
	at java.base/java.util.Optional.orElseThrow(Optional.java:403)
	at com.hdfc.ems.service.IEmployeeServiceImp.findEmployeeBYId(IEmployeeServiceImp.java:24)
	at com.hdfc.ems.controller.EmployeeController.findEmployeeById(EmployeeController.java:30)
	at java.base/jdk.internal.reflect.NativeMethodAccessorImpl.invoke0(Native Method)
	at java.base/jdk.internal.reflect.NativeMethodAccessorImpl.invoke(NativeMethodAccessorImpl.java:77)
	at java.base/jdk.internal.reflect.DelegatingMethodAccessorImpl.invoke(DelegatingMethodAccessorImpl.java:43)
	at java.base/java.lang.reflect.Method.invoke(Method.java:568)
	at org.springframework.web.method.support.InvocableHandlerMethod.doInvoke(InvocableHandlerMethod.java:205)
	at org.springframework.web.method.support.InvocableHandlerMethod.invokeForRequest(InvocableHandlerMethod.java:150)
	at org.springframework.web.servlet.mvc.method.annotation.ServletInvocableHandlerMethod.invokeAndHandle(ServletInvocableHandlerMethod.java:117)
	at org.springframework.web.servlet.mvc.method.annotation.RequestMappingHandlerAdapter.invokeHandlerMethod(RequestMappingHandlerAdapter.java:895)
	at org.springframework.web.servlet.mvc.method.annotation.RequestMappingHandlerAdapter.handleInternal(RequestMappingHandlerAdapter.java:808)
	at org.springframework.web.servlet.mvc.method.AbstractHandlerMethodAdapter.handle(AbstractHandlerMethodAdapter.java:87)
	at org.springframework.web.servlet.DispatcherServlet.doDispatch(DispatcherServlet.java:1072)
	at org.springframework.web.servlet.DispatcherServlet.doService(DispatcherServlet.java:965)
	at org.springframework.web.servlet.FrameworkServlet.processRequest(FrameworkServlet.java:1006)
	at org.springframework.web.servlet.FrameworkServlet.doGet(FrameworkServlet.java:898)
	at javax.servlet.http.HttpServlet.service(HttpServlet.java:529)
	at org.springframework.web.servlet.FrameworkServlet.service(FrameworkServlet.java:883)
	at javax.servlet.http.HttpServlet.service(HttpServlet.java:623)
	at org.apache.catalina.core.ApplicationFilterChain.internalDoFilter(ApplicationFilterChain.java:209)
	at org.apache.catalina.core.ApplicationFilterChain.doFilter(ApplicationFilterChain.java:153)
	at org.apache.tomcat.websocket.server.WsFilter.doFilter(WsFilter.java:51)
	at org.apache.catalina.core.ApplicationFilterChain.internalDoFilter(ApplicationFilterChain.java:178)
	at org.apache.catalina.core.ApplicationFilterChain.doFilter(ApplicationFilterChain.java:153)
	at org.springframework.web.filter.RequestContextFilter.doFilterInternal(RequestContextFilter.java:100)
	at org.springframework.web.filter.OncePerRequestFilter.doFilter(OncePerRequestFilter.java:117)
	at org.apache.catalina.core.ApplicationFilterChain.internalDoFilter(ApplicationFilterChain.java:178)
	at org.apache.catalina.core.ApplicationFilterChain.doFilter(ApplicationFilterChain.java:153)
	at org.springframework.web.filter.FormContentFilter.doFilterInternal(FormContentFilter.java:93)
	at org.springframework.web.filter.OncePerRequestFilter.doFilter(OncePerRequestFilter.java:117)
	at org.apache.catalina.core.ApplicationFilterChain.internalDoFilter(ApplicationFilterChain.java:178)
	at org.apache.catalina.core.ApplicationFilterChain.doFilter(ApplicationFilterChain.java:153)
	at org.springframework.web.filter.CharacterEncodingFilter.doFilterInternal(CharacterEncodingFilter.java:201)
	at org.springframework.web.filter.OncePerRequestFilter.doFilter(OncePerRequestFilter.java:117)
	at org.apache.catalina.core.ApplicationFilterChain.internalDoFilter(ApplicationFilterChain.java:178)
	at org.apache.catalina.core.ApplicationFilterChain.doFilter(ApplicationFilterChain.java:153)
	at org.apache.catalina.core.StandardWrapperValve.invoke(StandardWrapperValve.java:167)
	at org.apache.catalina.core.StandardContextValve.invoke(StandardContextValve.java:90)
	at org.apache.catalina.authenticator.AuthenticatorBase.invoke(AuthenticatorBase.java:481)
	at org.apache.catalina.core.StandardHostValve.invoke(StandardHostValve.java:130)
	at org.apache.catalina.valves.ErrorReportValve.invoke(ErrorReportValve.java:93)
	at org.apache.catalina.core.StandardEngineValve.invoke(StandardEngineValve.java:74)
	at org.apache.catalina.connector.CoyoteAdapter.service(CoyoteAdapter.java:343)
	at org.apache.coyote.http11.Http11Processor.service(Http11Processor.java:389)
	at org.apache.coyote.AbstractProcessorLight.process(AbstractProcessorLight.java:63)
	at org.apache.coyote.AbstractProtocol$ConnectionHandler.process(AbstractProtocol.java:926)
	at org.apache.tomcat.util.net.NioEndpoint$SocketProcessor.doRun(NioEndpoint.java:1791)
	at org.apache.tomcat.util.net.SocketProcessorBase.run(SocketProcessorBase.java:52)
	at org.apache.tomcat.util.threads.ThreadPoolExecutor.runWorker(ThreadPoolExecutor.java:1191)
	at org.apache.tomcat.util.threads.ThreadPoolExecutor$Worker.run(ThreadPoolExecutor.java:659)
	at org.apache.tomcat.util.threads.TaskThread$WrappingRunnable.run(TaskThread.java:61)
	at java.base/java.lang.Thread.run(Thread.java:833)
2023-04-27 12:27:33 [https-jsse-nio-8086-exec-8] INFO  c.h.e.controller.EmployeeController - EmployeeId (106) is called
2023-04-27 12:27:43 [https-jsse-nio-8086-exec-4] INFO  c.h.e.controller.EmployeeController - EmployeeId (106) is called
2023-04-27 12:28:13 [https-jsse-nio-8086-exec-9] INFO  c.h.e.controller.EmployeeController - EmployeeId (106) is called
2023-04-27 12:29:53 [https-jsse-nio-8086-exec-8] INFO  c.h.e.controller.EmployeeController - EmployeeId (105) is called
2023-04-27 12:30:07 [https-jsse-nio-8086-exec-9] INFO  c.h.e.controller.EmployeeController - EmployeeId (106) is called
2023-04-27 14:50:02 [RMI TCP Connection(320)-127.0.0.1] INFO  o.s.b.a.SpringApplicationAdminMXBeanRegistrar$SpringApplicationAdmin - Application shutdown requested.
2023-04-27 14:50:03 [RMI TCP Connection(320)-127.0.0.1] INFO  o.a.coyote.http11.Http11NioProtocol - Pausing ProtocolHandler ["https-jsse-nio-8086"]
2023-04-27 14:50:03 [RMI TCP Connection(320)-127.0.0.1] INFO  o.a.catalina.core.StandardService - Stopping service [Tomcat]
2023-04-27 14:50:03 [RMI TCP Connection(320)-127.0.0.1] INFO  o.a.c.c.C.[Tomcat].[localhost].[/] - Destroying Spring FrameworkServlet 'dispatcherServlet'
2023-04-27 14:50:03 [RMI TCP Connection(320)-127.0.0.1] INFO  o.a.coyote.http11.Http11NioProtocol - Stopping ProtocolHandler ["https-jsse-nio-8086"]
2023-04-27 14:50:03 [RMI TCP Connection(320)-127.0.0.1] INFO  o.a.coyote.http11.Http11NioProtocol - Destroying ProtocolHandler ["https-jsse-nio-8086"]
2023-04-27 14:50:03 [RMI TCP Connection(320)-127.0.0.1] INFO  o.s.o.j.LocalContainerEntityManagerFactoryBean - Closing JPA EntityManagerFactory for persistence unit 'default'
2023-04-27 14:50:03 [RMI TCP Connection(320)-127.0.0.1] INFO  com.zaxxer.hikari.HikariDataSource - HikariPool-1 - Shutdown initiated...
2023-04-27 14:50:03 [RMI TCP Connection(320)-127.0.0.1] INFO  com.zaxxer.hikari.HikariDataSource - HikariPool-1 - Shutdown completed.
2023-04-27 14:51:55 [main] INFO  c.h.e.EmployeeManagementSystemApplication - Starting EmployeeManagementSystemApplication using Java 17.0.6 on LAPTOP-FL0D70PT with PID 8196 (C:\Users\RITESH Raushan\Documents\workspace-spring-tool-suite-4-4.17.2.RELEASE\EmployeeManagementSystem\bin\main started by RITESH Raushan in C:\Users\RITESH Raushan\Documents\workspace-spring-tool-suite-4-4.17.2.RELEASE\EmployeeManagementSystem)
2023-04-27 14:51:55 [main] INFO  c.h.e.EmployeeManagementSystemApplication - No active profile set, falling back to 1 default profile: "default"
2023-04-27 14:51:56 [main] INFO  o.s.d.r.c.RepositoryConfigurationDelegate - Bootstrapping Spring Data JPA repositories in DEFAULT mode.
2023-04-27 14:51:56 [main] INFO  o.s.d.r.c.RepositoryConfigurationDelegate - Finished Spring Data repository scanning in 80 ms. Found 1 JPA repository interfaces.
2023-04-27 14:51:58 [main] INFO  o.s.b.w.e.tomcat.TomcatWebServer - Tomcat initialized with port(s): 8086 (https)
2023-04-27 14:51:58 [main] INFO  o.a.coyote.http11.Http11NioProtocol - Initializing ProtocolHandler ["https-jsse-nio-8086"]
2023-04-27 14:51:58 [main] INFO  o.a.catalina.core.StandardService - Starting service [Tomcat]
2023-04-27 14:51:58 [main] INFO  o.a.catalina.core.StandardEngine - Starting Servlet engine: [Apache Tomcat/9.0.74]
2023-04-27 14:51:58 [main] INFO  o.a.c.c.C.[Tomcat].[localhost].[/] - Initializing Spring embedded WebApplicationContext
2023-04-27 14:51:58 [main] INFO  o.s.b.w.s.c.ServletWebServerApplicationContext - Root WebApplicationContext: initialization completed in 2619 ms
2023-04-27 14:51:58 [main] INFO  o.h.jpa.internal.util.LogHelper - HHH000204: Processing PersistenceUnitInfo [name: default]
2023-04-27 14:51:58 [main] INFO  org.hibernate.Version - HHH000412: Hibernate ORM core version 5.6.15.Final
2023-04-27 14:51:59 [main] INFO  o.h.annotations.common.Version - HCANN000001: Hibernate Commons Annotations {5.1.2.Final}
2023-04-27 14:51:59 [main] INFO  com.zaxxer.hikari.HikariDataSource - HikariPool-1 - Starting...
2023-04-27 14:52:00 [main] INFO  com.zaxxer.hikari.HikariDataSource - HikariPool-1 - Start completed.
2023-04-27 14:52:00 [main] INFO  org.hibernate.dialect.Dialect - HHH000400: Using dialect: org.hibernate.dialect.MySQL8Dialect
2023-04-27 14:52:01 [main] INFO  o.h.e.t.j.p.i.JtaPlatformInitiator - HHH000490: Using JtaPlatform implementation: [org.hibernate.engine.transaction.jta.platform.internal.NoJtaPlatform]
2023-04-27 14:52:01 [main] INFO  o.s.o.j.LocalContainerEntityManagerFactoryBean - Initialized JPA EntityManagerFactory for persistence unit 'default'
2023-04-27 14:52:02 [main] WARN  o.s.b.a.o.j.JpaBaseConfiguration$JpaWebConfiguration - spring.jpa.open-in-view is enabled by default. Therefore, database queries may be performed during view rendering. Explicitly configure spring.jpa.open-in-view to disable this warning
2023-04-27 14:52:02 [main] INFO  o.a.coyote.http11.Http11NioProtocol - Starting ProtocolHandler ["https-jsse-nio-8086"]
2023-04-27 14:52:03 [main] INFO  o.a.t.u.net.NioEndpoint.certificate - Connector [https-jsse-nio-8086], TLS virtual host [_default_], certificate type [UNDEFINED] configured from [file:/C:/Users/RITESH%20Raushan/Documents/workspace-spring-tool-suite-4-4.17.2.RELEASE/EmployeeManagementSystem/src/main/resources/https-employee.jks] using alias [https-employee] and with trust store [null]
2023-04-27 14:52:03 [main] INFO  o.s.b.w.e.tomcat.TomcatWebServer - Tomcat started on port(s): 8086 (https) with context path ''
2023-04-27 14:52:03 [main] INFO  c.h.e.EmployeeManagementSystemApplication - Started EmployeeManagementSystemApplication in 7.964 seconds (JVM running for 15.202)
2023-04-27 18:59:15 [HikariPool-1 housekeeper] WARN  com.zaxxer.hikari.pool.HikariPool - HikariPool-1 - Thread starvation or clock leap detected (housekeeper delta=1m43s911ms90µs200ns).
2023-04-27 20:20:09 [main] INFO  o.s.b.t.c.SpringBootTestContextBootstrapper - Neither @ContextConfiguration nor @ContextHierarchy found for test class [com.hdfc.ems.service.EmployeeServiceTest], using SpringBootContextLoader
2023-04-27 20:20:09 [main] INFO  o.s.t.c.s.AbstractContextLoader - Could not detect default resource locations for test class [com.hdfc.ems.service.EmployeeServiceTest]: no resource found for suffixes {-context.xml, Context.groovy}.
2023-04-27 20:20:09 [main] INFO  o.s.t.c.s.AnnotationConfigContextLoaderUtils - Could not detect default configuration classes for test class [com.hdfc.ems.service.EmployeeServiceTest]: EmployeeServiceTest does not declare any static, non-private, non-final, nested classes annotated with @Configuration.
2023-04-27 20:20:10 [main] INFO  o.s.b.t.c.SpringBootTestContextBootstrapper - Found @SpringBootConfiguration com.hdfc.ems.EmployeeManagementSystemApplication for test class com.hdfc.ems.service.EmployeeServiceTest
2023-04-27 20:20:10 [main] INFO  o.s.b.t.c.SpringBootTestContextBootstrapper - Loaded default TestExecutionListener class names from location [META-INF/spring.factories]: [org.springframework.boot.test.autoconfigure.restdocs.RestDocsTestExecutionListener, org.springframework.boot.test.autoconfigure.web.client.MockRestServiceServerResetTestExecutionListener, org.springframework.boot.test.autoconfigure.web.servlet.MockMvcPrintOnlyOnFailureTestExecutionListener, org.springframework.boot.test.autoconfigure.web.servlet.WebDriverTestExecutionListener, org.springframework.boot.test.autoconfigure.webservices.client.MockWebServiceServerTestExecutionListener, org.springframework.boot.test.mock.mockito.MockitoTestExecutionListener, org.springframework.boot.test.mock.mockito.ResetMocksTestExecutionListener, org.springframework.test.context.web.ServletTestExecutionListener, org.springframework.test.context.support.DirtiesContextBeforeModesTestExecutionListener, org.springframework.test.context.event.ApplicationEventsTestExecutionListener, org.springframework.test.context.support.DependencyInjectionTestExecutionListener, org.springframework.test.context.support.DirtiesContextTestExecutionListener, org.springframework.test.context.transaction.TransactionalTestExecutionListener, org.springframework.test.context.jdbc.SqlScriptsTestExecutionListener, org.springframework.test.context.event.EventPublishingTestExecutionListener]
2023-04-27 20:20:10 [main] INFO  o.s.b.t.c.SpringBootTestContextBootstrapper - Using TestExecutionListeners: [org.springframework.test.context.web.ServletTestExecutionListener@1d7f7be7, org.springframework.test.context.support.DirtiesContextBeforeModesTestExecutionListener@42f3156d, org.springframework.test.context.event.ApplicationEventsTestExecutionListener@1ddae9b5, org.springframework.boot.test.mock.mockito.MockitoTestExecutionListener@427b5f92, org.springframework.boot.test.autoconfigure.SpringBootDependencyInjectionTestExecutionListener@24bdb479, org.springframework.test.context.support.DirtiesContextTestExecutionListener@7e3f95fe, org.springframework.test.context.transaction.TransactionalTestExecutionListener@34625ccd, org.springframework.test.context.jdbc.SqlScriptsTestExecutionListener@2c7d121c, org.springframework.test.context.event.EventPublishingTestExecutionListener@65aa6596, org.springframework.boot.test.autoconfigure.restdocs.RestDocsTestExecutionListener@67389cb8, org.springframework.boot.test.autoconfigure.web.client.MockRestServiceServerResetTestExecutionListener@419a20a6, org.springframework.boot.test.autoconfigure.web.servlet.MockMvcPrintOnlyOnFailureTestExecutionListener@533377b, org.springframework.boot.test.autoconfigure.web.servlet.WebDriverTestExecutionListener@3383649e, org.springframework.boot.test.autoconfigure.webservices.client.MockWebServiceServerTestExecutionListener@10fde30a, org.springframework.boot.test.mock.mockito.ResetMocksTestExecutionListener@f27ea3]
2023-04-27 20:20:10 [main] INFO  c.h.ems.service.EmployeeServiceTest - Starting EmployeeServiceTest using Java 17.0.6 on LAPTOP-FL0D70PT with PID 25476 (started by RITESH Raushan in C:\Users\RITESH Raushan\Documents\workspace-spring-tool-suite-4-4.17.2.RELEASE\EmployeeManagementSystem)
2023-04-27 20:20:10 [main] INFO  c.h.ems.service.EmployeeServiceTest - No active profile set, falling back to 1 default profile: "default"
2023-04-27 20:20:11 [main] INFO  o.s.d.r.c.RepositoryConfigurationDelegate - Bootstrapping Spring Data JPA repositories in DEFAULT mode.
2023-04-27 20:20:11 [main] INFO  o.s.d.r.c.RepositoryConfigurationDelegate - Finished Spring Data repository scanning in 64 ms. Found 1 JPA repository interfaces.
2023-04-27 20:20:12 [main] INFO  o.h.jpa.internal.util.LogHelper - HHH000204: Processing PersistenceUnitInfo [name: default]
2023-04-27 20:20:12 [main] INFO  org.hibernate.Version - HHH000412: Hibernate ORM core version 5.6.15.Final
2023-04-27 20:20:12 [main] INFO  o.h.annotations.common.Version - HCANN000001: Hibernate Commons Annotations {5.1.2.Final}
2023-04-27 20:20:13 [main] INFO  com.zaxxer.hikari.HikariDataSource - HikariPool-1 - Starting...
2023-04-27 20:20:13 [main] INFO  com.zaxxer.hikari.HikariDataSource - HikariPool-1 - Start completed.
2023-04-27 20:20:13 [main] INFO  org.hibernate.dialect.Dialect - HHH000400: Using dialect: org.hibernate.dialect.MySQL8Dialect
2023-04-27 20:20:14 [main] INFO  o.h.e.t.j.p.i.JtaPlatformInitiator - HHH000490: Using JtaPlatform implementation: [org.hibernate.engine.transaction.jta.platform.internal.NoJtaPlatform]
2023-04-27 20:20:14 [main] INFO  o.s.o.j.LocalContainerEntityManagerFactoryBean - Initialized JPA EntityManagerFactory for persistence unit 'default'
2023-04-27 20:20:15 [main] WARN  o.s.b.a.o.j.JpaBaseConfiguration$JpaWebConfiguration - spring.jpa.open-in-view is enabled by default. Therefore, database queries may be performed during view rendering. Explicitly configure spring.jpa.open-in-view to disable this warning
2023-04-27 20:20:16 [main] INFO  c.h.ems.service.EmployeeServiceTest - Started EmployeeServiceTest in 5.781 seconds (JVM running for 9.86)
2023-04-27 20:20:16 [SpringApplicationShutdownHook] INFO  o.s.o.j.LocalContainerEntityManagerFactoryBean - Closing JPA EntityManagerFactory for persistence unit 'default'
2023-04-27 20:20:16 [SpringApplicationShutdownHook] INFO  com.zaxxer.hikari.HikariDataSource - HikariPool-1 - Shutdown initiated...
2023-04-27 20:20:16 [SpringApplicationShutdownHook] INFO  com.zaxxer.hikari.HikariDataSource - HikariPool-1 - Shutdown completed.
2023-04-27 20:20:19 [RMI TCP Connection(336)-127.0.0.1] INFO  o.s.b.a.SpringApplicationAdminMXBeanRegistrar$SpringApplicationAdmin - Application shutdown requested.
2023-04-27 20:20:19 [RMI TCP Connection(339)-127.0.0.1] INFO  o.s.b.a.SpringApplicationAdminMXBeanRegistrar$SpringApplicationAdmin - Application shutdown requested.
2023-04-27 20:20:19 [RMI TCP Connection(336)-127.0.0.1] INFO  o.a.coyote.http11.Http11NioProtocol - Pausing ProtocolHandler ["https-jsse-nio-8086"]
2023-04-27 20:20:19 [RMI TCP Connection(336)-127.0.0.1] INFO  o.a.catalina.core.StandardService - Stopping service [Tomcat]
2023-04-27 20:20:20 [RMI TCP Connection(336)-127.0.0.1] INFO  o.a.coyote.http11.Http11NioProtocol - Stopping ProtocolHandler ["https-jsse-nio-8086"]
2023-04-27 20:20:20 [RMI TCP Connection(336)-127.0.0.1] INFO  o.a.coyote.http11.Http11NioProtocol - Destroying ProtocolHandler ["https-jsse-nio-8086"]
2023-04-27 20:20:20 [RMI TCP Connection(336)-127.0.0.1] INFO  o.s.o.j.LocalContainerEntityManagerFactoryBean - Closing JPA EntityManagerFactory for persistence unit 'default'
2023-04-27 20:20:20 [RMI TCP Connection(336)-127.0.0.1] INFO  com.zaxxer.hikari.HikariDataSource - HikariPool-1 - Shutdown initiated...
2023-04-27 20:20:20 [RMI TCP Connection(336)-127.0.0.1] INFO  com.zaxxer.hikari.HikariDataSource - HikariPool-1 - Shutdown completed.
2023-04-27 20:20:35 [main] INFO  o.s.b.t.c.SpringBootTestContextBootstrapper - Neither @ContextConfiguration nor @ContextHierarchy found for test class [com.hdfc.ems.service.EmployeeServiceTest], using SpringBootContextLoader
2023-04-27 20:20:35 [main] INFO  o.s.t.c.s.AbstractContextLoader - Could not detect default resource locations for test class [com.hdfc.ems.service.EmployeeServiceTest]: no resource found for suffixes {-context.xml, Context.groovy}.
2023-04-27 20:20:35 [main] INFO  o.s.t.c.s.AnnotationConfigContextLoaderUtils - Could not detect default configuration classes for test class [com.hdfc.ems.service.EmployeeServiceTest]: EmployeeServiceTest does not declare any static, non-private, non-final, nested classes annotated with @Configuration.
2023-04-27 20:20:35 [main] INFO  o.s.b.t.c.SpringBootTestContextBootstrapper - Found @SpringBootConfiguration com.hdfc.ems.EmployeeManagementSystemApplication for test class com.hdfc.ems.service.EmployeeServiceTest
2023-04-27 20:20:35 [main] INFO  o.s.b.t.c.SpringBootTestContextBootstrapper - Loaded default TestExecutionListener class names from location [META-INF/spring.factories]: [org.springframework.boot.test.autoconfigure.restdocs.RestDocsTestExecutionListener, org.springframework.boot.test.autoconfigure.web.client.MockRestServiceServerResetTestExecutionListener, org.springframework.boot.test.autoconfigure.web.servlet.MockMvcPrintOnlyOnFailureTestExecutionListener, org.springframework.boot.test.autoconfigure.web.servlet.WebDriverTestExecutionListener, org.springframework.boot.test.autoconfigure.webservices.client.MockWebServiceServerTestExecutionListener, org.springframework.boot.test.mock.mockito.MockitoTestExecutionListener, org.springframework.boot.test.mock.mockito.ResetMocksTestExecutionListener, org.springframework.test.context.web.ServletTestExecutionListener, org.springframework.test.context.support.DirtiesContextBeforeModesTestExecutionListener, org.springframework.test.context.event.ApplicationEventsTestExecutionListener, org.springframework.test.context.support.DependencyInjectionTestExecutionListener, org.springframework.test.context.support.DirtiesContextTestExecutionListener, org.springframework.test.context.transaction.TransactionalTestExecutionListener, org.springframework.test.context.jdbc.SqlScriptsTestExecutionListener, org.springframework.test.context.event.EventPublishingTestExecutionListener]
2023-04-27 20:20:35 [main] INFO  o.s.b.t.c.SpringBootTestContextBootstrapper - Using TestExecutionListeners: [org.springframework.test.context.web.ServletTestExecutionListener@1d7f7be7, org.springframework.test.context.support.DirtiesContextBeforeModesTestExecutionListener@42f3156d, org.springframework.test.context.event.ApplicationEventsTestExecutionListener@1ddae9b5, org.springframework.boot.test.mock.mockito.MockitoTestExecutionListener@427b5f92, org.springframework.boot.test.autoconfigure.SpringBootDependencyInjectionTestExecutionListener@24bdb479, org.springframework.test.context.support.DirtiesContextTestExecutionListener@7e3f95fe, org.springframework.test.context.transaction.TransactionalTestExecutionListener@34625ccd, org.springframework.test.context.jdbc.SqlScriptsTestExecutionListener@2c7d121c, org.springframework.test.context.event.EventPublishingTestExecutionListener@65aa6596, org.springframework.boot.test.autoconfigure.restdocs.RestDocsTestExecutionListener@67389cb8, org.springframework.boot.test.autoconfigure.web.client.MockRestServiceServerResetTestExecutionListener@419a20a6, org.springframework.boot.test.autoconfigure.web.servlet.MockMvcPrintOnlyOnFailureTestExecutionListener@533377b, org.springframework.boot.test.autoconfigure.web.servlet.WebDriverTestExecutionListener@3383649e, org.springframework.boot.test.autoconfigure.webservices.client.MockWebServiceServerTestExecutionListener@10fde30a, org.springframework.boot.test.mock.mockito.ResetMocksTestExecutionListener@f27ea3]
2023-04-27 20:20:35 [main] INFO  c.h.ems.service.EmployeeServiceTest - Starting EmployeeServiceTest using Java 17.0.6 on LAPTOP-FL0D70PT with PID 17824 (started by RITESH Raushan in C:\Users\RITESH Raushan\Documents\workspace-spring-tool-suite-4-4.17.2.RELEASE\EmployeeManagementSystem)
2023-04-27 20:20:35 [main] INFO  c.h.ems.service.EmployeeServiceTest - No active profile set, falling back to 1 default profile: "default"
2023-04-27 20:20:36 [main] INFO  o.s.d.r.c.RepositoryConfigurationDelegate - Bootstrapping Spring Data JPA repositories in DEFAULT mode.
2023-04-27 20:20:36 [main] INFO  o.s.d.r.c.RepositoryConfigurationDelegate - Finished Spring Data repository scanning in 66 ms. Found 1 JPA repository interfaces.
2023-04-27 20:20:37 [main] INFO  o.h.jpa.internal.util.LogHelper - HHH000204: Processing PersistenceUnitInfo [name: default]
2023-04-27 20:20:37 [main] INFO  org.hibernate.Version - HHH000412: Hibernate ORM core version 5.6.15.Final
2023-04-27 20:20:37 [main] INFO  o.h.annotations.common.Version - HCANN000001: Hibernate Commons Annotations {5.1.2.Final}
2023-04-27 20:20:37 [main] INFO  com.zaxxer.hikari.HikariDataSource - HikariPool-1 - Starting...
2023-04-27 20:20:38 [main] INFO  com.zaxxer.hikari.HikariDataSource - HikariPool-1 - Start completed.
2023-04-27 20:20:38 [main] INFO  org.hibernate.dialect.Dialect - HHH000400: Using dialect: org.hibernate.dialect.MySQL8Dialect
2023-04-27 20:20:38 [main] INFO  o.h.e.t.j.p.i.JtaPlatformInitiator - HHH000490: Using JtaPlatform implementation: [org.hibernate.engine.transaction.jta.platform.internal.NoJtaPlatform]
2023-04-27 20:20:38 [main] INFO  o.s.o.j.LocalContainerEntityManagerFactoryBean - Initialized JPA EntityManagerFactory for persistence unit 'default'
2023-04-27 20:20:39 [main] WARN  o.s.b.a.o.j.JpaBaseConfiguration$JpaWebConfiguration - spring.jpa.open-in-view is enabled by default. Therefore, database queries may be performed during view rendering. Explicitly configure spring.jpa.open-in-view to disable this warning
2023-04-27 20:20:40 [main] INFO  c.h.ems.service.EmployeeServiceTest - Started EmployeeServiceTest in 4.975 seconds (JVM running for 6.434)
2023-04-27 20:20:40 [SpringApplicationShutdownHook] INFO  o.s.o.j.LocalContainerEntityManagerFactoryBean - Closing JPA EntityManagerFactory for persistence unit 'default'
2023-04-27 20:20:40 [SpringApplicationShutdownHook] INFO  com.zaxxer.hikari.HikariDataSource - HikariPool-1 - Shutdown initiated...
2023-04-27 20:20:40 [SpringApplicationShutdownHook] INFO  com.zaxxer.hikari.HikariDataSource - HikariPool-1 - Shutdown completed.
2023-04-27 20:20:59 [main] INFO  c.h.e.EmployeeManagementSystemApplication - Starting EmployeeManagementSystemApplication using Java 17.0.6 on LAPTOP-FL0D70PT with PID 28900 (C:\Users\RITESH Raushan\Documents\workspace-spring-tool-suite-4-4.17.2.RELEASE\EmployeeManagementSystem\bin\main started by RITESH Raushan in C:\Users\RITESH Raushan\Documents\workspace-spring-tool-suite-4-4.17.2.RELEASE\EmployeeManagementSystem)
2023-04-27 20:20:59 [main] INFO  c.h.e.EmployeeManagementSystemApplication - No active profile set, falling back to 1 default profile: "default"
2023-04-27 20:20:59 [main] INFO  o.s.d.r.c.RepositoryConfigurationDelegate - Bootstrapping Spring Data JPA repositories in DEFAULT mode.
2023-04-27 20:20:59 [main] INFO  o.s.d.r.c.RepositoryConfigurationDelegate - Finished Spring Data repository scanning in 44 ms. Found 1 JPA repository interfaces.
2023-04-27 20:21:00 [main] INFO  o.s.b.w.e.tomcat.TomcatWebServer - Tomcat initialized with port(s): 8086 (https)
2023-04-27 20:21:00 [main] INFO  o.a.coyote.http11.Http11NioProtocol - Initializing ProtocolHandler ["https-jsse-nio-8086"]
2023-04-27 20:21:00 [main] INFO  o.a.catalina.core.StandardService - Starting service [Tomcat]
2023-04-27 20:21:00 [main] INFO  o.a.catalina.core.StandardEngine - Starting Servlet engine: [Apache Tomcat/9.0.74]
2023-04-27 20:21:00 [main] INFO  o.a.c.c.C.[Tomcat].[localhost].[/] - Initializing Spring embedded WebApplicationContext
2023-04-27 20:21:00 [main] INFO  o.s.b.w.s.c.ServletWebServerApplicationContext - Root WebApplicationContext: initialization completed in 1268 ms
2023-04-27 20:21:00 [main] INFO  o.h.jpa.internal.util.LogHelper - HHH000204: Processing PersistenceUnitInfo [name: default]
2023-04-27 20:21:00 [main] INFO  org.hibernate.Version - HHH000412: Hibernate ORM core version 5.6.15.Final
2023-04-27 20:21:00 [main] INFO  o.h.annotations.common.Version - HCANN000001: Hibernate Commons Annotations {5.1.2.Final}
2023-04-27 20:21:01 [main] INFO  com.zaxxer.hikari.HikariDataSource - HikariPool-1 - Starting...
2023-04-27 20:21:01 [main] INFO  com.zaxxer.hikari.HikariDataSource - HikariPool-1 - Start completed.
2023-04-27 20:21:01 [main] INFO  org.hibernate.dialect.Dialect - HHH000400: Using dialect: org.hibernate.dialect.MySQL8Dialect
2023-04-27 20:21:02 [main] INFO  o.h.e.t.j.p.i.JtaPlatformInitiator - HHH000490: Using JtaPlatform implementation: [org.hibernate.engine.transaction.jta.platform.internal.NoJtaPlatform]
2023-04-27 20:21:02 [main] INFO  o.s.o.j.LocalContainerEntityManagerFactoryBean - Initialized JPA EntityManagerFactory for persistence unit 'default'
2023-04-27 20:21:02 [main] WARN  o.s.b.a.o.j.JpaBaseConfiguration$JpaWebConfiguration - spring.jpa.open-in-view is enabled by default. Therefore, database queries may be performed during view rendering. Explicitly configure spring.jpa.open-in-view to disable this warning
2023-04-27 20:21:02 [main] INFO  o.a.coyote.http11.Http11NioProtocol - Starting ProtocolHandler ["https-jsse-nio-8086"]
2023-04-27 20:21:02 [main] INFO  o.a.t.u.net.NioEndpoint.certificate - Connector [https-jsse-nio-8086], TLS virtual host [_default_], certificate type [UNDEFINED] configured from [file:/C:/Users/RITESH%20Raushan/Documents/workspace-spring-tool-suite-4-4.17.2.RELEASE/EmployeeManagementSystem/src/main/resources/https-employee.jks] using alias [https-employee] and with trust store [null]
2023-04-27 20:21:02 [main] INFO  o.s.b.w.e.tomcat.TomcatWebServer - Tomcat started on port(s): 8086 (https) with context path ''
2023-04-27 20:21:02 [main] INFO  c.h.e.EmployeeManagementSystemApplication - Started EmployeeManagementSystemApplication in 3.752 seconds (JVM running for 4.654)
2023-04-27 20:21:18 [main] INFO  o.s.b.t.c.SpringBootTestContextBootstrapper - Neither @ContextConfiguration nor @ContextHierarchy found for test class [com.hdfc.ems.service.EmployeeServiceTest], using SpringBootContextLoader
2023-04-27 20:21:18 [main] INFO  o.s.t.c.s.AbstractContextLoader - Could not detect default resource locations for test class [com.hdfc.ems.service.EmployeeServiceTest]: no resource found for suffixes {-context.xml, Context.groovy}.
2023-04-27 20:21:18 [main] INFO  o.s.t.c.s.AnnotationConfigContextLoaderUtils - Could not detect default configuration classes for test class [com.hdfc.ems.service.EmployeeServiceTest]: EmployeeServiceTest does not declare any static, non-private, non-final, nested classes annotated with @Configuration.
2023-04-27 20:21:18 [main] INFO  o.s.b.t.c.SpringBootTestContextBootstrapper - Found @SpringBootConfiguration com.hdfc.ems.EmployeeManagementSystemApplication for test class com.hdfc.ems.service.EmployeeServiceTest
2023-04-27 20:21:18 [main] INFO  o.s.b.t.c.SpringBootTestContextBootstrapper - Loaded default TestExecutionListener class names from location [META-INF/spring.factories]: [org.springframework.boot.test.autoconfigure.restdocs.RestDocsTestExecutionListener, org.springframework.boot.test.autoconfigure.web.client.MockRestServiceServerResetTestExecutionListener, org.springframework.boot.test.autoconfigure.web.servlet.MockMvcPrintOnlyOnFailureTestExecutionListener, org.springframework.boot.test.autoconfigure.web.servlet.WebDriverTestExecutionListener, org.springframework.boot.test.autoconfigure.webservices.client.MockWebServiceServerTestExecutionListener, org.springframework.boot.test.mock.mockito.MockitoTestExecutionListener, org.springframework.boot.test.mock.mockito.ResetMocksTestExecutionListener, org.springframework.test.context.web.ServletTestExecutionListener, org.springframework.test.context.support.DirtiesContextBeforeModesTestExecutionListener, org.springframework.test.context.event.ApplicationEventsTestExecutionListener, org.springframework.test.context.support.DependencyInjectionTestExecutionListener, org.springframework.test.context.support.DirtiesContextTestExecutionListener, org.springframework.test.context.transaction.TransactionalTestExecutionListener, org.springframework.test.context.jdbc.SqlScriptsTestExecutionListener, org.springframework.test.context.event.EventPublishingTestExecutionListener]
2023-04-27 20:21:18 [main] INFO  o.s.b.t.c.SpringBootTestContextBootstrapper - Using TestExecutionListeners: [org.springframework.test.context.web.ServletTestExecutionListener@1d7f7be7, org.springframework.test.context.support.DirtiesContextBeforeModesTestExecutionListener@42f3156d, org.springframework.test.context.event.ApplicationEventsTestExecutionListener@1ddae9b5, org.springframework.boot.test.mock.mockito.MockitoTestExecutionListener@427b5f92, org.springframework.boot.test.autoconfigure.SpringBootDependencyInjectionTestExecutionListener@24bdb479, org.springframework.test.context.support.DirtiesContextTestExecutionListener@7e3f95fe, org.springframework.test.context.transaction.TransactionalTestExecutionListener@34625ccd, org.springframework.test.context.jdbc.SqlScriptsTestExecutionListener@2c7d121c, org.springframework.test.context.event.EventPublishingTestExecutionListener@65aa6596, org.springframework.boot.test.autoconfigure.restdocs.RestDocsTestExecutionListener@67389cb8, org.springframework.boot.test.autoconfigure.web.client.MockRestServiceServerResetTestExecutionListener@419a20a6, org.springframework.boot.test.autoconfigure.web.servlet.MockMvcPrintOnlyOnFailureTestExecutionListener@533377b, org.springframework.boot.test.autoconfigure.web.servlet.WebDriverTestExecutionListener@3383649e, org.springframework.boot.test.autoconfigure.webservices.client.MockWebServiceServerTestExecutionListener@10fde30a, org.springframework.boot.test.mock.mockito.ResetMocksTestExecutionListener@f27ea3]
2023-04-27 20:21:18 [main] INFO  c.h.ems.service.EmployeeServiceTest - Starting EmployeeServiceTest using Java 17.0.6 on LAPTOP-FL0D70PT with PID 3000 (started by RITESH Raushan in C:\Users\RITESH Raushan\Documents\workspace-spring-tool-suite-4-4.17.2.RELEASE\EmployeeManagementSystem)
2023-04-27 20:21:18 [main] INFO  c.h.ems.service.EmployeeServiceTest - No active profile set, falling back to 1 default profile: "default"
2023-04-27 20:21:19 [main] INFO  o.s.d.r.c.RepositoryConfigurationDelegate - Bootstrapping Spring Data JPA repositories in DEFAULT mode.
2023-04-27 20:21:19 [main] INFO  o.s.d.r.c.RepositoryConfigurationDelegate - Finished Spring Data repository scanning in 59 ms. Found 1 JPA repository interfaces.
2023-04-27 20:21:20 [main] INFO  o.h.jpa.internal.util.LogHelper - HHH000204: Processing PersistenceUnitInfo [name: default]
2023-04-27 20:21:20 [main] INFO  org.hibernate.Version - HHH000412: Hibernate ORM core version 5.6.15.Final
2023-04-27 20:21:20 [main] INFO  o.h.annotations.common.Version - HCANN000001: Hibernate Commons Annotations {5.1.2.Final}
2023-04-27 20:21:20 [main] INFO  com.zaxxer.hikari.HikariDataSource - HikariPool-1 - Starting...
2023-04-27 20:21:21 [main] INFO  com.zaxxer.hikari.HikariDataSource - HikariPool-1 - Start completed.
2023-04-27 20:21:21 [main] INFO  org.hibernate.dialect.Dialect - HHH000400: Using dialect: org.hibernate.dialect.MySQL8Dialect
2023-04-27 20:21:21 [main] INFO  o.h.e.t.j.p.i.JtaPlatformInitiator - HHH000490: Using JtaPlatform implementation: [org.hibernate.engine.transaction.jta.platform.internal.NoJtaPlatform]
2023-04-27 20:21:22 [main] INFO  o.s.o.j.LocalContainerEntityManagerFactoryBean - Initialized JPA EntityManagerFactory for persistence unit 'default'
2023-04-27 20:21:22 [main] WARN  o.s.b.a.o.j.JpaBaseConfiguration$JpaWebConfiguration - spring.jpa.open-in-view is enabled by default. Therefore, database queries may be performed during view rendering. Explicitly configure spring.jpa.open-in-view to disable this warning
2023-04-27 20:21:23 [main] INFO  c.h.ems.service.EmployeeServiceTest - Started EmployeeServiceTest in 4.574 seconds (JVM running for 5.94)
2023-04-27 20:21:23 [SpringApplicationShutdownHook] INFO  o.s.o.j.LocalContainerEntityManagerFactoryBean - Closing JPA EntityManagerFactory for persistence unit 'default'
2023-04-27 20:21:23 [SpringApplicationShutdownHook] INFO  com.zaxxer.hikari.HikariDataSource - HikariPool-1 - Shutdown initiated...
2023-04-27 20:21:23 [SpringApplicationShutdownHook] INFO  com.zaxxer.hikari.HikariDataSource - HikariPool-1 - Shutdown completed.
2023-04-27 20:22:32 [main] INFO  o.s.b.t.c.SpringBootTestContextBootstrapper - Neither @ContextConfiguration nor @ContextHierarchy found for test class [com.hdfc.ems.service.EmployeeServiceTest], using SpringBootContextLoader
2023-04-27 20:22:32 [main] INFO  o.s.t.c.s.AbstractContextLoader - Could not detect default resource locations for test class [com.hdfc.ems.service.EmployeeServiceTest]: no resource found for suffixes {-context.xml, Context.groovy}.
2023-04-27 20:22:32 [main] INFO  o.s.t.c.s.AnnotationConfigContextLoaderUtils - Could not detect default configuration classes for test class [com.hdfc.ems.service.EmployeeServiceTest]: EmployeeServiceTest does not declare any static, non-private, non-final, nested classes annotated with @Configuration.
2023-04-27 20:22:32 [main] INFO  o.s.b.t.c.SpringBootTestContextBootstrapper - Found @SpringBootConfiguration com.hdfc.ems.EmployeeManagementSystemApplication for test class com.hdfc.ems.service.EmployeeServiceTest
2023-04-27 20:22:33 [main] INFO  o.s.b.t.c.SpringBootTestContextBootstrapper - Loaded default TestExecutionListener class names from location [META-INF/spring.factories]: [org.springframework.boot.test.autoconfigure.restdocs.RestDocsTestExecutionListener, org.springframework.boot.test.autoconfigure.web.client.MockRestServiceServerResetTestExecutionListener, org.springframework.boot.test.autoconfigure.web.servlet.MockMvcPrintOnlyOnFailureTestExecutionListener, org.springframework.boot.test.autoconfigure.web.servlet.WebDriverTestExecutionListener, org.springframework.boot.test.autoconfigure.webservices.client.MockWebServiceServerTestExecutionListener, org.springframework.boot.test.mock.mockito.MockitoTestExecutionListener, org.springframework.boot.test.mock.mockito.ResetMocksTestExecutionListener, org.springframework.test.context.web.ServletTestExecutionListener, org.springframework.test.context.support.DirtiesContextBeforeModesTestExecutionListener, org.springframework.test.context.event.ApplicationEventsTestExecutionListener, org.springframework.test.context.support.DependencyInjectionTestExecutionListener, org.springframework.test.context.support.DirtiesContextTestExecutionListener, org.springframework.test.context.transaction.TransactionalTestExecutionListener, org.springframework.test.context.jdbc.SqlScriptsTestExecutionListener, org.springframework.test.context.event.EventPublishingTestExecutionListener]
2023-04-27 20:22:33 [main] INFO  o.s.b.t.c.SpringBootTestContextBootstrapper - Using TestExecutionListeners: [org.springframework.test.context.web.ServletTestExecutionListener@1d7f7be7, org.springframework.test.context.support.DirtiesContextBeforeModesTestExecutionListener@42f3156d, org.springframework.test.context.event.ApplicationEventsTestExecutionListener@1ddae9b5, org.springframework.boot.test.mock.mockito.MockitoTestExecutionListener@427b5f92, org.springframework.boot.test.autoconfigure.SpringBootDependencyInjectionTestExecutionListener@24bdb479, org.springframework.test.context.support.DirtiesContextTestExecutionListener@7e3f95fe, org.springframework.test.context.transaction.TransactionalTestExecutionListener@34625ccd, org.springframework.test.context.jdbc.SqlScriptsTestExecutionListener@2c7d121c, org.springframework.test.context.event.EventPublishingTestExecutionListener@65aa6596, org.springframework.boot.test.autoconfigure.restdocs.RestDocsTestExecutionListener@67389cb8, org.springframework.boot.test.autoconfigure.web.client.MockRestServiceServerResetTestExecutionListener@419a20a6, org.springframework.boot.test.autoconfigure.web.servlet.MockMvcPrintOnlyOnFailureTestExecutionListener@533377b, org.springframework.boot.test.autoconfigure.web.servlet.WebDriverTestExecutionListener@3383649e, org.springframework.boot.test.autoconfigure.webservices.client.MockWebServiceServerTestExecutionListener@10fde30a, org.springframework.boot.test.mock.mockito.ResetMocksTestExecutionListener@f27ea3]
2023-04-27 20:22:33 [main] INFO  c.h.ems.service.EmployeeServiceTest - Starting EmployeeServiceTest using Java 17.0.6 on LAPTOP-FL0D70PT with PID 10100 (started by RITESH Raushan in C:\Users\RITESH Raushan\Documents\workspace-spring-tool-suite-4-4.17.2.RELEASE\EmployeeManagementSystem)
2023-04-27 20:22:33 [main] INFO  c.h.ems.service.EmployeeServiceTest - No active profile set, falling back to 1 default profile: "default"
2023-04-27 20:22:34 [main] INFO  o.s.d.r.c.RepositoryConfigurationDelegate - Bootstrapping Spring Data JPA repositories in DEFAULT mode.
2023-04-27 20:22:34 [main] INFO  o.s.d.r.c.RepositoryConfigurationDelegate - Finished Spring Data repository scanning in 64 ms. Found 1 JPA repository interfaces.
2023-04-27 20:22:35 [main] INFO  o.h.jpa.internal.util.LogHelper - HHH000204: Processing PersistenceUnitInfo [name: default]
2023-04-27 20:22:35 [main] INFO  org.hibernate.Version - HHH000412: Hibernate ORM core version 5.6.15.Final
2023-04-27 20:22:35 [main] INFO  o.h.annotations.common.Version - HCANN000001: Hibernate Commons Annotations {5.1.2.Final}
2023-04-27 20:22:35 [main] INFO  com.zaxxer.hikari.HikariDataSource - HikariPool-1 - Starting...
2023-04-27 20:22:36 [main] INFO  com.zaxxer.hikari.HikariDataSource - HikariPool-1 - Start completed.
2023-04-27 20:22:36 [main] INFO  org.hibernate.dialect.Dialect - HHH000400: Using dialect: org.hibernate.dialect.MySQL8Dialect
2023-04-27 20:22:37 [main] INFO  o.h.e.t.j.p.i.JtaPlatformInitiator - HHH000490: Using JtaPlatform implementation: [org.hibernate.engine.transaction.jta.platform.internal.NoJtaPlatform]
2023-04-27 20:22:37 [main] INFO  o.s.o.j.LocalContainerEntityManagerFactoryBean - Initialized JPA EntityManagerFactory for persistence unit 'default'
2023-04-27 20:22:37 [main] WARN  o.s.b.a.o.j.JpaBaseConfiguration$JpaWebConfiguration - spring.jpa.open-in-view is enabled by default. Therefore, database queries may be performed during view rendering. Explicitly configure spring.jpa.open-in-view to disable this warning
2023-04-27 20:22:38 [main] INFO  c.h.ems.service.EmployeeServiceTest - Started EmployeeServiceTest in 5.118 seconds (JVM running for 6.494)
2023-04-27 20:22:38 [SpringApplicationShutdownHook] INFO  o.s.o.j.LocalContainerEntityManagerFactoryBean - Closing JPA EntityManagerFactory for persistence unit 'default'
2023-04-27 20:22:38 [SpringApplicationShutdownHook] INFO  com.zaxxer.hikari.HikariDataSource - HikariPool-1 - Shutdown initiated...
2023-04-27 20:22:38 [SpringApplicationShutdownHook] INFO  com.zaxxer.hikari.HikariDataSource - HikariPool-1 - Shutdown completed.
2023-04-27 20:27:15 [RMI TCP Connection(17)-127.0.0.1] INFO  o.s.b.a.SpringApplicationAdminMXBeanRegistrar$SpringApplicationAdmin - Application shutdown requested.
2023-04-27 20:27:15 [RMI TCP Connection(17)-127.0.0.1] INFO  o.a.coyote.http11.Http11NioProtocol - Pausing ProtocolHandler ["https-jsse-nio-8086"]
2023-04-27 20:27:15 [RMI TCP Connection(17)-127.0.0.1] INFO  o.a.catalina.core.StandardService - Stopping service [Tomcat]
2023-04-27 20:27:15 [RMI TCP Connection(17)-127.0.0.1] INFO  o.a.coyote.http11.Http11NioProtocol - Stopping ProtocolHandler ["https-jsse-nio-8086"]
2023-04-27 20:27:15 [RMI TCP Connection(17)-127.0.0.1] INFO  o.a.coyote.http11.Http11NioProtocol - Destroying ProtocolHandler ["https-jsse-nio-8086"]
2023-04-27 20:27:15 [RMI TCP Connection(17)-127.0.0.1] INFO  o.s.o.j.LocalContainerEntityManagerFactoryBean - Closing JPA EntityManagerFactory for persistence unit 'default'
2023-04-27 20:27:15 [RMI TCP Connection(17)-127.0.0.1] INFO  com.zaxxer.hikari.HikariDataSource - HikariPool-1 - Shutdown initiated...
2023-04-27 20:27:15 [RMI TCP Connection(17)-127.0.0.1] INFO  com.zaxxer.hikari.HikariDataSource - HikariPool-1 - Shutdown completed.
2023-04-27 21:32:00 [main] INFO  c.h.e.EmployeeManagementSystemApplication - Starting EmployeeManagementSystemApplication using Java 17.0.6 on LAPTOP-FL0D70PT with PID 4524 (C:\Users\RITESH Raushan\Documents\workspace-spring-tool-suite-4-4.17.2.RELEASE\EmployeeManagementSystem\bin\main started by RITESH Raushan in C:\Users\RITESH Raushan\Documents\workspace-spring-tool-suite-4-4.17.2.RELEASE\EmployeeManagementSystem)
2023-04-27 21:32:00 [main] INFO  c.h.e.EmployeeManagementSystemApplication - No active profile set, falling back to 1 default profile: "default"
2023-04-27 21:32:02 [main] INFO  o.s.d.r.c.RepositoryConfigurationDelegate - Bootstrapping Spring Data JPA repositories in DEFAULT mode.
2023-04-27 21:32:02 [main] INFO  o.s.d.r.c.RepositoryConfigurationDelegate - Finished Spring Data repository scanning in 86 ms. Found 1 JPA repository interfaces.
2023-04-27 21:32:03 [main] INFO  o.s.b.w.e.tomcat.TomcatWebServer - Tomcat initialized with port(s): 8086 (https)
2023-04-27 21:32:03 [main] INFO  o.a.coyote.http11.Http11NioProtocol - Initializing ProtocolHandler ["https-jsse-nio-8086"]
2023-04-27 21:32:03 [main] INFO  o.a.catalina.core.StandardService - Starting service [Tomcat]
2023-04-27 21:32:03 [main] INFO  o.a.catalina.core.StandardEngine - Starting Servlet engine: [Apache Tomcat/9.0.74]
2023-04-27 21:32:03 [main] INFO  o.a.c.c.C.[Tomcat].[localhost].[/] - Initializing Spring embedded WebApplicationContext
2023-04-27 21:32:03 [main] INFO  o.s.b.w.s.c.ServletWebServerApplicationContext - Root WebApplicationContext: initialization completed in 2555 ms
2023-04-27 21:32:03 [main] INFO  o.h.jpa.internal.util.LogHelper - HHH000204: Processing PersistenceUnitInfo [name: default]
2023-04-27 21:32:03 [main] INFO  org.hibernate.Version - HHH000412: Hibernate ORM core version 5.6.15.Final
2023-04-27 21:32:04 [main] INFO  o.h.annotations.common.Version - HCANN000001: Hibernate Commons Annotations {5.1.2.Final}
2023-04-27 21:32:04 [main] INFO  com.zaxxer.hikari.HikariDataSource - HikariPool-1 - Starting...
2023-04-27 21:32:05 [main] INFO  com.zaxxer.hikari.HikariDataSource - HikariPool-1 - Start completed.
2023-04-27 21:32:05 [main] INFO  org.hibernate.dialect.Dialect - HHH000400: Using dialect: org.hibernate.dialect.MySQL8Dialect
2023-04-27 21:32:06 [main] INFO  o.h.e.t.j.p.i.JtaPlatformInitiator - HHH000490: Using JtaPlatform implementation: [org.hibernate.engine.transaction.jta.platform.internal.NoJtaPlatform]
2023-04-27 21:32:06 [main] INFO  o.s.o.j.LocalContainerEntityManagerFactoryBean - Initialized JPA EntityManagerFactory for persistence unit 'default'
2023-04-27 21:32:06 [main] WARN  o.s.b.a.o.j.JpaBaseConfiguration$JpaWebConfiguration - spring.jpa.open-in-view is enabled by default. Therefore, database queries may be performed during view rendering. Explicitly configure spring.jpa.open-in-view to disable this warning
2023-04-27 21:32:07 [main] INFO  o.a.coyote.http11.Http11NioProtocol - Starting ProtocolHandler ["https-jsse-nio-8086"]
2023-04-27 21:32:07 [main] INFO  o.a.t.u.net.NioEndpoint.certificate - Connector [https-jsse-nio-8086], TLS virtual host [_default_], certificate type [UNDEFINED] configured from [file:/C:/Users/RITESH%20Raushan/Documents/workspace-spring-tool-suite-4-4.17.2.RELEASE/EmployeeManagementSystem/src/main/resources/https-employee.jks] using alias [https-employee] and with trust store [null]
2023-04-27 21:32:07 [main] INFO  o.s.b.w.e.tomcat.TomcatWebServer - Tomcat started on port(s): 8086 (https) with context path ''
2023-04-27 21:32:07 [main] INFO  c.h.e.EmployeeManagementSystemApplication - Started EmployeeManagementSystemApplication in 7.562 seconds (JVM running for 9.427)
2023-04-27 21:32:26 [main] INFO  o.s.b.t.c.SpringBootTestContextBootstrapper - Neither @ContextConfiguration nor @ContextHierarchy found for test class [com.hdfc.ems.service.EmployeeServiceTest], using SpringBootContextLoader
2023-04-27 21:32:26 [main] INFO  o.s.t.c.s.AbstractContextLoader - Could not detect default resource locations for test class [com.hdfc.ems.service.EmployeeServiceTest]: no resource found for suffixes {-context.xml, Context.groovy}.
2023-04-27 21:32:26 [main] INFO  o.s.t.c.s.AnnotationConfigContextLoaderUtils - Could not detect default configuration classes for test class [com.hdfc.ems.service.EmployeeServiceTest]: EmployeeServiceTest does not declare any static, non-private, non-final, nested classes annotated with @Configuration.
2023-04-27 21:32:26 [main] INFO  o.s.b.t.c.SpringBootTestContextBootstrapper - Found @SpringBootConfiguration com.hdfc.ems.EmployeeManagementSystemApplication for test class com.hdfc.ems.service.EmployeeServiceTest
2023-04-27 21:32:26 [main] INFO  o.s.b.t.c.SpringBootTestContextBootstrapper - Loaded default TestExecutionListener class names from location [META-INF/spring.factories]: [org.springframework.boot.test.autoconfigure.restdocs.RestDocsTestExecutionListener, org.springframework.boot.test.autoconfigure.web.client.MockRestServiceServerResetTestExecutionListener, org.springframework.boot.test.autoconfigure.web.servlet.MockMvcPrintOnlyOnFailureTestExecutionListener, org.springframework.boot.test.autoconfigure.web.servlet.WebDriverTestExecutionListener, org.springframework.boot.test.autoconfigure.webservices.client.MockWebServiceServerTestExecutionListener, org.springframework.boot.test.mock.mockito.MockitoTestExecutionListener, org.springframework.boot.test.mock.mockito.ResetMocksTestExecutionListener, org.springframework.test.context.web.ServletTestExecutionListener, org.springframework.test.context.support.DirtiesContextBeforeModesTestExecutionListener, org.springframework.test.context.event.ApplicationEventsTestExecutionListener, org.springframework.test.context.support.DependencyInjectionTestExecutionListener, org.springframework.test.context.support.DirtiesContextTestExecutionListener, org.springframework.test.context.transaction.TransactionalTestExecutionListener, org.springframework.test.context.jdbc.SqlScriptsTestExecutionListener, org.springframework.test.context.event.EventPublishingTestExecutionListener]
2023-04-27 21:32:26 [main] INFO  o.s.b.t.c.SpringBootTestContextBootstrapper - Using TestExecutionListeners: [org.springframework.test.context.web.ServletTestExecutionListener@1d7f7be7, org.springframework.test.context.support.DirtiesContextBeforeModesTestExecutionListener@42f3156d, org.springframework.test.context.event.ApplicationEventsTestExecutionListener@1ddae9b5, org.springframework.boot.test.mock.mockito.MockitoTestExecutionListener@427b5f92, org.springframework.boot.test.autoconfigure.SpringBootDependencyInjectionTestExecutionListener@24bdb479, org.springframework.test.context.support.DirtiesContextTestExecutionListener@7e3f95fe, org.springframework.test.context.transaction.TransactionalTestExecutionListener@34625ccd, org.springframework.test.context.jdbc.SqlScriptsTestExecutionListener@2c7d121c, org.springframework.test.context.event.EventPublishingTestExecutionListener@65aa6596, org.springframework.boot.test.autoconfigure.restdocs.RestDocsTestExecutionListener@67389cb8, org.springframework.boot.test.autoconfigure.web.client.MockRestServiceServerResetTestExecutionListener@419a20a6, org.springframework.boot.test.autoconfigure.web.servlet.MockMvcPrintOnlyOnFailureTestExecutionListener@533377b, org.springframework.boot.test.autoconfigure.web.servlet.WebDriverTestExecutionListener@3383649e, org.springframework.boot.test.autoconfigure.webservices.client.MockWebServiceServerTestExecutionListener@10fde30a, org.springframework.boot.test.mock.mockito.ResetMocksTestExecutionListener@f27ea3]
2023-04-27 21:32:27 [main] INFO  c.h.ems.service.EmployeeServiceTest - Starting EmployeeServiceTest using Java 17.0.6 on LAPTOP-FL0D70PT with PID 18920 (started by RITESH Raushan in C:\Users\RITESH Raushan\Documents\workspace-spring-tool-suite-4-4.17.2.RELEASE\EmployeeManagementSystem)
2023-04-27 21:32:27 [main] INFO  c.h.ems.service.EmployeeServiceTest - No active profile set, falling back to 1 default profile: "default"
2023-04-27 21:32:28 [main] INFO  o.s.d.r.c.RepositoryConfigurationDelegate - Bootstrapping Spring Data JPA repositories in DEFAULT mode.
2023-04-27 21:32:28 [main] INFO  o.s.d.r.c.RepositoryConfigurationDelegate - Finished Spring Data repository scanning in 98 ms. Found 1 JPA repository interfaces.
2023-04-27 21:32:29 [main] INFO  o.h.jpa.internal.util.LogHelper - HHH000204: Processing PersistenceUnitInfo [name: default]
2023-04-27 21:32:29 [main] INFO  org.hibernate.Version - HHH000412: Hibernate ORM core version 5.6.15.Final
2023-04-27 21:32:30 [main] INFO  o.h.annotations.common.Version - HCANN000001: Hibernate Commons Annotations {5.1.2.Final}
2023-04-27 21:32:30 [main] INFO  com.zaxxer.hikari.HikariDataSource - HikariPool-1 - Starting...
2023-04-27 21:32:31 [main] INFO  com.zaxxer.hikari.HikariDataSource - HikariPool-1 - Start completed.
2023-04-27 21:32:31 [main] INFO  org.hibernate.dialect.Dialect - HHH000400: Using dialect: org.hibernate.dialect.MySQL8Dialect
2023-04-27 21:32:32 [main] INFO  o.h.e.t.j.p.i.JtaPlatformInitiator - HHH000490: Using JtaPlatform implementation: [org.hibernate.engine.transaction.jta.platform.internal.NoJtaPlatform]
2023-04-27 21:32:32 [main] INFO  o.s.o.j.LocalContainerEntityManagerFactoryBean - Initialized JPA EntityManagerFactory for persistence unit 'default'
2023-04-27 21:32:33 [main] WARN  o.s.b.a.o.j.JpaBaseConfiguration$JpaWebConfiguration - spring.jpa.open-in-view is enabled by default. Therefore, database queries may be performed during view rendering. Explicitly configure spring.jpa.open-in-view to disable this warning
2023-04-27 21:32:33 [main] INFO  c.h.ems.service.EmployeeServiceTest - Started EmployeeServiceTest in 7.018 seconds (JVM running for 9.452)
2023-04-27 21:32:34 [SpringApplicationShutdownHook] INFO  o.s.o.j.LocalContainerEntityManagerFactoryBean - Closing JPA EntityManagerFactory for persistence unit 'default'
2023-04-27 21:32:34 [SpringApplicationShutdownHook] INFO  com.zaxxer.hikari.HikariDataSource - HikariPool-1 - Shutdown initiated...
2023-04-27 21:32:34 [SpringApplicationShutdownHook] INFO  com.zaxxer.hikari.HikariDataSource - HikariPool-1 - Shutdown completed.
2023-04-27 21:33:11 [main] INFO  o.s.b.t.c.SpringBootTestContextBootstrapper - Neither @ContextConfiguration nor @ContextHierarchy found for test class [com.hdfc.ems.service.EmployeeServiceTest], using SpringBootContextLoader
2023-04-27 21:33:11 [main] INFO  o.s.t.c.s.AbstractContextLoader - Could not detect default resource locations for test class [com.hdfc.ems.service.EmployeeServiceTest]: no resource found for suffixes {-context.xml, Context.groovy}.
2023-04-27 21:33:11 [main] INFO  o.s.t.c.s.AnnotationConfigContextLoaderUtils - Could not detect default configuration classes for test class [com.hdfc.ems.service.EmployeeServiceTest]: EmployeeServiceTest does not declare any static, non-private, non-final, nested classes annotated with @Configuration.
2023-04-27 21:33:11 [main] INFO  o.s.b.t.c.SpringBootTestContextBootstrapper - Found @SpringBootConfiguration com.hdfc.ems.EmployeeManagementSystemApplication for test class com.hdfc.ems.service.EmployeeServiceTest
2023-04-27 21:33:11 [main] INFO  o.s.b.t.c.SpringBootTestContextBootstrapper - Loaded default TestExecutionListener class names from location [META-INF/spring.factories]: [org.springframework.boot.test.autoconfigure.restdocs.RestDocsTestExecutionListener, org.springframework.boot.test.autoconfigure.web.client.MockRestServiceServerResetTestExecutionListener, org.springframework.boot.test.autoconfigure.web.servlet.MockMvcPrintOnlyOnFailureTestExecutionListener, org.springframework.boot.test.autoconfigure.web.servlet.WebDriverTestExecutionListener, org.springframework.boot.test.autoconfigure.webservices.client.MockWebServiceServerTestExecutionListener, org.springframework.boot.test.mock.mockito.MockitoTestExecutionListener, org.springframework.boot.test.mock.mockito.ResetMocksTestExecutionListener, org.springframework.test.context.web.ServletTestExecutionListener, org.springframework.test.context.support.DirtiesContextBeforeModesTestExecutionListener, org.springframework.test.context.event.ApplicationEventsTestExecutionListener, org.springframework.test.context.support.DependencyInjectionTestExecutionListener, org.springframework.test.context.support.DirtiesContextTestExecutionListener, org.springframework.test.context.transaction.TransactionalTestExecutionListener, org.springframework.test.context.jdbc.SqlScriptsTestExecutionListener, org.springframework.test.context.event.EventPublishingTestExecutionListener]
2023-04-27 21:33:11 [main] INFO  o.s.b.t.c.SpringBootTestContextBootstrapper - Using TestExecutionListeners: [org.springframework.test.context.web.ServletTestExecutionListener@1d7f7be7, org.springframework.test.context.support.DirtiesContextBeforeModesTestExecutionListener@42f3156d, org.springframework.test.context.event.ApplicationEventsTestExecutionListener@1ddae9b5, org.springframework.boot.test.mock.mockito.MockitoTestExecutionListener@427b5f92, org.springframework.boot.test.autoconfigure.SpringBootDependencyInjectionTestExecutionListener@24bdb479, org.springframework.test.context.support.DirtiesContextTestExecutionListener@7e3f95fe, org.springframework.test.context.transaction.TransactionalTestExecutionListener@34625ccd, org.springframework.test.context.jdbc.SqlScriptsTestExecutionListener@2c7d121c, org.springframework.test.context.event.EventPublishingTestExecutionListener@65aa6596, org.springframework.boot.test.autoconfigure.restdocs.RestDocsTestExecutionListener@67389cb8, org.springframework.boot.test.autoconfigure.web.client.MockRestServiceServerResetTestExecutionListener@419a20a6, org.springframework.boot.test.autoconfigure.web.servlet.MockMvcPrintOnlyOnFailureTestExecutionListener@533377b, org.springframework.boot.test.autoconfigure.web.servlet.WebDriverTestExecutionListener@3383649e, org.springframework.boot.test.autoconfigure.webservices.client.MockWebServiceServerTestExecutionListener@10fde30a, org.springframework.boot.test.mock.mockito.ResetMocksTestExecutionListener@f27ea3]
2023-04-27 21:33:12 [main] INFO  c.h.ems.service.EmployeeServiceTest - Starting EmployeeServiceTest using Java 17.0.6 on LAPTOP-FL0D70PT with PID 28308 (started by RITESH Raushan in C:\Users\RITESH Raushan\Documents\workspace-spring-tool-suite-4-4.17.2.RELEASE\EmployeeManagementSystem)
2023-04-27 21:33:12 [main] INFO  c.h.ems.service.EmployeeServiceTest - No active profile set, falling back to 1 default profile: "default"
2023-04-27 21:33:13 [main] INFO  o.s.d.r.c.RepositoryConfigurationDelegate - Bootstrapping Spring Data JPA repositories in DEFAULT mode.
2023-04-27 21:33:13 [main] INFO  o.s.d.r.c.RepositoryConfigurationDelegate - Finished Spring Data repository scanning in 85 ms. Found 1 JPA repository interfaces.
2023-04-27 21:33:14 [main] INFO  o.h.jpa.internal.util.LogHelper - HHH000204: Processing PersistenceUnitInfo [name: default]
2023-04-27 21:33:15 [main] INFO  org.hibernate.Version - HHH000412: Hibernate ORM core version 5.6.15.Final
2023-04-27 21:33:15 [main] INFO  o.h.annotations.common.Version - HCANN000001: Hibernate Commons Annotations {5.1.2.Final}
2023-04-27 21:33:15 [main] INFO  com.zaxxer.hikari.HikariDataSource - HikariPool-1 - Starting...
2023-04-27 21:33:16 [main] INFO  com.zaxxer.hikari.HikariDataSource - HikariPool-1 - Start completed.
2023-04-27 21:33:16 [main] INFO  org.hibernate.dialect.Dialect - HHH000400: Using dialect: org.hibernate.dialect.MySQL8Dialect
2023-04-27 21:33:17 [main] INFO  o.h.e.t.j.p.i.JtaPlatformInitiator - HHH000490: Using JtaPlatform implementation: [org.hibernate.engine.transaction.jta.platform.internal.NoJtaPlatform]
2023-04-27 21:33:17 [main] INFO  o.s.o.j.LocalContainerEntityManagerFactoryBean - Initialized JPA EntityManagerFactory for persistence unit 'default'
2023-04-27 21:33:17 [main] WARN  o.s.b.a.o.j.JpaBaseConfiguration$JpaWebConfiguration - spring.jpa.open-in-view is enabled by default. Therefore, database queries may be performed during view rendering. Explicitly configure spring.jpa.open-in-view to disable this warning
2023-04-27 21:33:18 [main] INFO  c.h.ems.service.EmployeeServiceTest - Started EmployeeServiceTest in 6.639 seconds (JVM running for 8.94)
2023-04-27 21:33:19 [SpringApplicationShutdownHook] INFO  o.s.o.j.LocalContainerEntityManagerFactoryBean - Closing JPA EntityManagerFactory for persistence unit 'default'
2023-04-27 21:33:19 [SpringApplicationShutdownHook] INFO  com.zaxxer.hikari.HikariDataSource - HikariPool-1 - Shutdown initiated...
2023-04-27 21:33:19 [SpringApplicationShutdownHook] INFO  com.zaxxer.hikari.HikariDataSource - HikariPool-1 - Shutdown completed.
